[debug] [2024-09-17T12:55:33.710Z] ----------------------------------------------------------------------
[debug] [2024-09-17T12:55:33.712Z] Command:       C:\Program Files\nodejs\node.exe C:\Users\Willyan Walker\AppData\Roaming\npm\node_modules\firebase-tools\lib\bin\firebase.js init
[debug] [2024-09-17T12:55:33.713Z] CLI Version:   13.17.0
[debug] [2024-09-17T12:55:33.713Z] Platform:      win32
[debug] [2024-09-17T12:55:33.713Z] Node Version:  v22.8.0
[debug] [2024-09-17T12:55:33.713Z] Time:          Tue Sep 17 2024 09:55:33 GMT-0300 (Horário Padrão de Brasília)
[debug] [2024-09-17T12:55:33.713Z] ----------------------------------------------------------------------
[debug] 
[debug] [2024-09-17T12:55:33.794Z] > command requires scopes: ["email","openid","https://www.googleapis.com/auth/cloudplatformprojects.readonly","https://www.googleapis.com/auth/firebase","https://www.googleapis.com/auth/cloud-platform"]
[debug] [2024-09-17T12:55:33.794Z] > authorizing via signed-in user (wynbrasil@gmail.com)
[info] 
     ######## #### ########  ######## ########     ###     ######  ########
     ##        ##  ##     ## ##       ##     ##  ##   ##  ##       ##
     ######    ##  ########  ######   ########  #########  ######  ######
     ##        ##  ##    ##  ##       ##     ## ##     ##       ## ##
     ##       #### ##     ## ######## ########  ##     ##  ######  ########

You're about to initialize a Firebase project in this directory:

  C:\Users\Willyan Walker\Desktop\WalkerTECH-Site-Oficial

Before we get started, keep in mind:

  * You are initializing within an existing Firebase project directory

[info] 
=== Project Setup
[info] 
[info] First, let's associate this project directory with a Firebase project.
[info] You can create multiple project aliases by running firebase use --add, 
[info] but for now we'll just set up a default project.
[info] 
[debug] [2024-09-17T12:55:40.304Z] Using project from CLI flag: walkertech-cyberdev-llc-brasil
[debug] [2024-09-17T12:55:40.307Z] >>> [apiv2][query] GET https://firebase.googleapis.com/v1beta1/projects/walkertech-cyberdev-llc-brasil [none]
[debug] [2024-09-17T12:55:41.796Z] <<< [apiv2][status] GET https://firebase.googleapis.com/v1beta1/projects/walkertech-cyberdev-llc-brasil 200
[debug] [2024-09-17T12:55:41.796Z] <<< [apiv2][body] GET https://firebase.googleapis.com/v1beta1/projects/walkertech-cyberdev-llc-brasil {"projectId":"walkertech-cyberdev-llc-brasil","projectNumber":"64720691702","displayName":"WalkerTECH CyberDEV LLC BRASIL","name":"projects/walkertech-cyberdev-llc-brasil","resources":{"hostingSite":"walkertech-cyberdev-llc-brasil"},"state":"ACTIVE","etag":"1_2a92892d-71c2-499f-afda-9f7e2f07c944"}
[info] i  Using project walkertech-cyberdev-llc-brasil (WalkerTECH CyberDEV LLC BRASIL) 
[info] 
=== Hosting Setup
[debug] [2024-09-17T12:55:41.811Z] >>> [apiv2][query] GET https://firebase.googleapis.com/v1beta1/projects/walkertech-cyberdev-llc-brasil [none]
[debug] [2024-09-17T12:55:42.251Z] <<< [apiv2][status] GET https://firebase.googleapis.com/v1beta1/projects/walkertech-cyberdev-llc-brasil 200
[debug] [2024-09-17T12:55:42.252Z] <<< [apiv2][body] GET https://firebase.googleapis.com/v1beta1/projects/walkertech-cyberdev-llc-brasil {"projectId":"walkertech-cyberdev-llc-brasil","projectNumber":"64720691702","displayName":"WalkerTECH CyberDEV LLC BRASIL","name":"projects/walkertech-cyberdev-llc-brasil","resources":{"hostingSite":"walkertech-cyberdev-llc-brasil"},"state":"ACTIVE","etag":"1_2a92892d-71c2-499f-afda-9f7e2f07c944"}
[info] 
[info] Your public directory is the folder (relative to your project directory) that
[info] will contain Hosting assets to be uploaded with firebase deploy. If you
[info] have a build process for your assets, use your build's output directory.
[info] 
